e:\c++\jeux\towerdefense\towerdefense\x64\release\vc143.pdb
e:\c++\jeux\towerdefense\towerdefense\x64\release\state.obj
e:\c++\jeux\towerdefense\towerdefense\x64\release\main.obj
e:\c++\jeux\towerdefense\towerdefense\x64\release\mainmenustate.obj
e:\c++\jeux\towerdefense\towerdefense\x64\release\gui.obj
e:\c++\jeux\towerdefense\towerdefense\x64\release\game.obj
e:\c++\jeux\towerdefense\towerdefense\x64\release\gamestate.obj
e:\c++\jeux\towerdefense\towerdefense\x64\release\tilemap.obj
e:\c++\jeux\towerdefense\towerdefense\x64\release\tile.obj
e:\c++\jeux\towerdefense\towerdefense\x64\release\enemy.obj
e:\c++\jeux\towerdefense\towerdefense\x64\release\player.obj
e:\c++\jeux\towerdefense\towerdefense\x64\release\turretshop.obj
e:\c++\jeux\towerdefense\towerdefense\x64\release\turretpanel.obj
e:\c++\jeux\towerdefense\towerdefense\x64\release\turretmanager.obj
e:\c++\jeux\towerdefense\towerdefense\x64\release\turret.obj
e:\c++\jeux\towerdefense\towerdefense\x64\release\savesystem.obj
e:\c++\jeux\towerdefense\towerdefense\x64\release\playergui.obj
e:\c++\jeux\towerdefense\towerdefense\x64\release\playerdata.obj
e:\c++\jeux\towerdefense\towerdefense\x64\release\enemymanager.obj
e:\c++\jeux\towerdefense\towerdefense\x64\release\endstate.obj
e:\c++\jeux\towerdefense\towerdefense\x64\release\towerdefense.ipdb
e:\c++\jeux\towerdefense\towerdefense\x64\release\towerdefense.iobj
e:\c++\jeux\towerdefense\x64\release\towerdefense.pdb
e:\c++\jeux\towerdefense\towerdefense\x64\release\towerdefense.tlog\cl.command.1.tlog
e:\c++\jeux\towerdefense\towerdefense\x64\release\towerdefense.tlog\cl.read.1.tlog
e:\c++\jeux\towerdefense\towerdefense\x64\release\towerdefense.tlog\cl.write.1.tlog
e:\c++\jeux\towerdefense\towerdefense\x64\release\towerdefense.tlog\link.command.1.tlog
e:\c++\jeux\towerdefense\towerdefense\x64\release\towerdefense.tlog\link.read.1.tlog
e:\c++\jeux\towerdefense\towerdefense\x64\release\towerdefense.tlog\link.write.1.tlog
