  MainMenuState.cpp
E:\C++\Jeux\TowerDefense\TowerDefense\MainMenuState.cpp(86,47): warning C4244: 'argument' : conversion de 'unsigned int' en 'float', perte possible de données
E:\C++\Jeux\TowerDefense\TowerDefense\MainMenuState.cpp(142,50): warning C4244: 'argument' : conversion de 'int' en 'float', perte possible de données
  TowerDefense.vcxproj -> E:\C++\Jeux\TowerDefense\x64\Debug\TowerDefense.exe

Résumé de performance des projets :
     1241 ms  E:\C++\Jeux\TowerDefense\TowerDefense\TowerDefense.vcxproj   1 appels
               1241 ms  Build                                      1 appels

Résumé de performance cible :
        0 ms  AfterBuildCompileEvent                     1 appels
        0 ms  _Link                                      1 appels
        0 ms  AfterLink                                  1 appels
        0 ms  PreLinkEvent                               1 appels
        0 ms  DoLinkOutputFilesMatch                     1 appels
        0 ms  MakeDirsForLink                            1 appels
        0 ms  PrepareResourceNames                       1 appels
        0 ms  CreateCustomManifestResourceNames          1 appels
        0 ms  AssignTargetPaths                          1 appels
        0 ms  ComputeManifestInputsTargets               1 appels
        0 ms  ComputeLinkInputsFromProject               1 appels
        0 ms  _ALink                                     1 appels
        0 ms  ComputeCLGeneratedLinkInputs               1 appels
        0 ms  ComputeRCGeneratedLinkInputs               1 appels
        0 ms  ComputeRCOutputs                           1 appels
        0 ms  BeforeLink                                 1 appels
        0 ms  BuildLinkTraverse                          1 appels
        0 ms  BuildCompile                               1 appels
        0 ms  _BuildCompileAction                        1 appels
        0 ms  _ResourceCompile                           1 appels
        0 ms  AfterResourceCompile                       1 appels
        0 ms  MakeDirsForResourceCompile                 1 appels
        0 ms  BeforeResourceCompile                      1 appels
        0 ms  ComputeManifestGeneratedLinkerInputs       1 appels
        0 ms  _Manifest                                  1 appels
        0 ms  ResolvedXDCMake                            1 appels
        0 ms  ComputeCLCompileGeneratedXDCFiles          1 appels
        0 ms  IncrementalClean                           1 appels
        0 ms  AfterBuild                                 1 appels
        0 ms  BuildLink                                  1 appels
        0 ms  _BuildLinkAction                           1 appels
        0 ms  PostBuildEvent                             1 appels
        0 ms  PrepareForRun                              1 appels
        0 ms  _CheckForCompileOutputs                    1 appels
        0 ms  _CopySourceItemsToOutputDirectory          1 appels
        0 ms  _GetCopyToOutputDirectoryItemsFromTransitiveProjectReferences   1 appels
        0 ms  GetCopyToOutputDirectoryXamlAppDefs        1 appels
        0 ms  _PopulateCommonStateForGetCopyToOutputDirectoryItems   1 appels
        0 ms  _Deploy                                    1 appels
        0 ms  _Appverifier                               1 appels
        0 ms  CreateSatelliteAssemblies                  1 appels
        0 ms  _GenerateSatelliteAssemblyInputs           1 appels
        0 ms  MakeDirsForFxc                             1 appels
        0 ms  SatelliteDllsProjectOutputGroup            1 appels
        0 ms  BuiltProjectOutputGroup                    1 appels
        0 ms  _BscMake                                   1 appels
        0 ms  MakeDirsForBscMake                         1 appels
        0 ms  ComputeCLCompileGeneratedSbrFiles          1 appels
        0 ms  _XdcMake                                   1 appels
        0 ms  MakeDirsForXdcMake                         1 appels
        0 ms  _ClCompile                                 1 appels
        0 ms  AfterClCompile                             1 appels
        0 ms  Build                                      1 appels
        0 ms  SelectClCompile                            1 appels
        0 ms  _Xsd                                       1 appels
        0 ms  _AddOutputPathToGlobalPropertiesToRemove   1 appels
        0 ms  PrepareProjectReferences                   1 appels
        0 ms  ResolveProjectReferences                   1 appels
        0 ms  GetFrameworkPaths                          1 appels
        0 ms  SelectCustomBuild                          1 appels
        0 ms  _SelectedFiles                             1 appels
        0 ms  ResolveSDKReferences                       1 appels
        0 ms  PreBuildEvent                              1 appels
        0 ms  AddExternalIncludDirectoriesToPaths        1 appels
        0 ms  BuildGenerateSourcesTraverse               1 appels
        0 ms  GetResolvedWinMD                           1 appels
        0 ms  ResolveReferences                          1 appels
        0 ms  AfterResolveReferences                     1 appels
        0 ms  ResolveAssemblyReferences                  1 appels
        0 ms  ExpandSDKReferences                        1 appels
        0 ms  BeforeBuildGenerateSources                 1 appels
        0 ms  ComputeMIDLGeneratedCompileInputs          1 appels
        0 ms  _SplitProjectReferencesByFileExistence     1 appels
        0 ms  _Midl                                      1 appels
        0 ms  SetTelemetryEnvironmentVariables           1 appels
        0 ms  _PrepareForBuild                           1 appels
        0 ms  ComputeReferenceCLInput                    1 appels
        0 ms  GetReferencedVCProjectsInfo                1 appels
        0 ms  FindReferenceAssembliesForReferences       1 appels
        0 ms  BeforeClCompile                            1 appels
        0 ms  AfterMidl                                  1 appels
        0 ms  BuildCompileTraverse                       1 appels
        0 ms  BeforeResolveReferences                    1 appels
        0 ms  BuildGenerateSources                       1 appels
        0 ms  _BuildGenerateSourcesAction                1 appels
        0 ms  AfterBuildGenerateSourcesEvent             1 appels
        0 ms  AfterBuildGenerateSources                  1 appels
        0 ms  SetCABuildNativeEnvironmentVariables       1 appels
        0 ms  ComputeCLOutputs                           1 appels
        0 ms  _CleanGetCurrentAndPriorFileWrites         1 appels
        0 ms  ComputeCLInputPDBName                      1 appels
        0 ms  ComputeCustomBuildOutput                   1 appels
        0 ms  GetReferenceAssemblyPaths                  1 appels
        0 ms  _PrepareForReferenceResolution             1 appels
        0 ms  MakeDirsForMidl                            1 appels
        0 ms  RegisterOutput                             1 appels
        0 ms  FinalizeBuildStatus                        1 appels
        0 ms  CopyFileToFolders                          1 appels
        0 ms  ComputeLinkSwitches                        1 appels
        1 ms  AssignProjectConfiguration                 1 appels
        1 ms  SetBuildDefaultEnvironmentVariables        1 appels
        1 ms  _CheckWindowsSDKInstalled                  1 appels
        1 ms  CopyFilesToOutputDirectory                 1 appels
        1 ms  CustomBuild                                1 appels
        1 ms  MakeDirsForCl                              1 appels
        1 ms  ComputeLinkImportLibraryOutputsForClean    1 appels
        1 ms  _GetProjectReferenceTargetFrameworkProperties   1 appels
        1 ms  _GetCopyToOutputDirectoryItemsFromThisProject   1 appels
        1 ms  SplitResourcesByCulture                    1 appels
        1 ms  ComputeLegacyManifestEmbedding             1 appels
        1 ms  CreateRecipeFile                           1 appels
        1 ms  GetCopyToOutputDirectoryItems              1 appels
        1 ms  InitializeBuildStatus                      1 appels
        1 ms  ContentFilesProjectOutputGroup             1 appels
        2 ms  PrepareForBuild                            1 appels
        2 ms  _CheckForInvalidConfigurationAndPlatform   1 appels
        2 ms  WarnCompileDuplicatedFilename              1 appels
        3 ms  FixupCLCompileOptions                      1 appels
      229 ms  Link                                       1 appels
      988 ms  ClCompile                                  1 appels

Résumé de performance des tâches :
        0 ms  Message                                    3 appels
        0 ms  ConvertToAbsolutePath                      1 appels
        0 ms  AssignTargetPath                           7 appels
        0 ms  RemoveDuplicates                           2 appels
        0 ms  WriteLinesToFile                           1 appels
        0 ms  ReadLinesFromFile                          2 appels
        0 ms  GetOutOfDateItems                          3 appels
        0 ms  MSBuild                                    1 appels
        0 ms  AssignProjectConfiguration                 1 appels
        0 ms  CheckVCToolsetVersion                      1 appels
        0 ms  Delete                                     2 appels
        0 ms  Touch                                      2 appels
        0 ms  FindUnderPath                              5 appels
        1 ms  SetEnv                                     9 appels
        1 ms  CallTarget                                 2 appels
        1 ms  AssignCulture                              1 appels
        1 ms  GenerateDesktopDeployRecipe                1 appels
        1 ms  MakeDir                                   10 appels
      227 ms  Link                                       1 appels
      982 ms  CL                                         1 appels
